<?xml version="1.0" encoding="UTF-8"?>
<testsuite xmlns:xsi="http://www.w3.org/2001/XMLSchema-instance" xsi:noNamespaceSchemaLocation="https://maven.apache.org/surefire/maven-surefire-plugin/xsd/surefire-test-report-3.0.xsd" version="3.0" name="com.example.demo.services.ReservationServiceTest" time="0.437" tests="14" errors="0" skipped="0" failures="0">
  <properties>
    <property name="java.specification.version" value="21"/>
    <property name="sun.jnu.encoding" value="UTF-8"/>
    <property name="java.class.path" value="/home/francisco/Documents/TQS/Homework/TQS_113763/HW1-113763/api/demo/target/test-classes:/home/francisco/Documents/TQS/Homework/TQS_113763/HW1-113763/api/demo/target/classes:/home/francisco/.m2/repository/org/springframework/boot/spring-boot-starter-cache/3.4.4/spring-boot-starter-cache-3.4.4.jar:/home/francisco/.m2/repository/org/springframework/boot/spring-boot-starter/3.4.4/spring-boot-starter-3.4.4.jar:/home/francisco/.m2/repository/org/springframework/boot/spring-boot-starter-logging/3.4.4/spring-boot-starter-logging-3.4.4.jar:/home/francisco/.m2/repository/ch/qos/logback/logback-classic/1.5.18/logback-classic-1.5.18.jar:/home/francisco/.m2/repository/ch/qos/logback/logback-core/1.5.18/logback-core-1.5.18.jar:/home/francisco/.m2/repository/org/apache/logging/log4j/log4j-to-slf4j/2.24.3/log4j-to-slf4j-2.24.3.jar:/home/francisco/.m2/repository/org/apache/logging/log4j/log4j-api/2.24.3/log4j-api-2.24.3.jar:/home/francisco/.m2/repository/org/slf4j/jul-to-slf4j/2.0.17/jul-to-slf4j-2.0.17.jar:/home/francisco/.m2/repository/jakarta/annotation/jakarta.annotation-api/2.1.1/jakarta.annotation-api-2.1.1.jar:/home/francisco/.m2/repository/org/yaml/snakeyaml/2.3/snakeyaml-2.3.jar:/home/francisco/.m2/repository/org/springframework/spring-context-support/6.2.5/spring-context-support-6.2.5.jar:/home/francisco/.m2/repository/org/springframework/spring-beans/6.2.5/spring-beans-6.2.5.jar:/home/francisco/.m2/repository/org/springframework/spring-context/6.2.5/spring-context-6.2.5.jar:/home/francisco/.m2/repository/org/springframework/boot/spring-boot-starter-data-jpa/3.4.4/spring-boot-starter-data-jpa-3.4.4.jar:/home/francisco/.m2/repository/org/springframework/boot/spring-boot-starter-jdbc/3.4.4/spring-boot-starter-jdbc-3.4.4.jar:/home/francisco/.m2/repository/com/zaxxer/HikariCP/5.1.0/HikariCP-5.1.0.jar:/home/francisco/.m2/repository/org/springframework/spring-jdbc/6.2.5/spring-jdbc-6.2.5.jar:/home/francisco/.m2/repository/org/hibernate/orm/hibernate-core/6.6.11.Final/hibernate-core-6.6.11.Final.jar:/home/francisco/.m2/repository/jakarta/persistence/jakarta.persistence-api/3.1.0/jakarta.persistence-api-3.1.0.jar:/home/francisco/.m2/repository/jakarta/transaction/jakarta.transaction-api/2.0.1/jakarta.transaction-api-2.0.1.jar:/home/francisco/.m2/repository/org/jboss/logging/jboss-logging/3.6.1.Final/jboss-logging-3.6.1.Final.jar:/home/francisco/.m2/repository/org/hibernate/common/hibernate-commons-annotations/7.0.3.Final/hibernate-commons-annotations-7.0.3.Final.jar:/home/francisco/.m2/repository/io/smallrye/jandex/3.2.0/jandex-3.2.0.jar:/home/francisco/.m2/repository/com/fasterxml/classmate/1.7.0/classmate-1.7.0.jar:/home/francisco/.m2/repository/org/glassfish/jaxb/jaxb-runtime/4.0.5/jaxb-runtime-4.0.5.jar:/home/francisco/.m2/repository/org/glassfish/jaxb/jaxb-core/4.0.5/jaxb-core-4.0.5.jar:/home/francisco/.m2/repository/org/eclipse/angus/angus-activation/2.0.2/angus-activation-2.0.2.jar:/home/francisco/.m2/repository/org/glassfish/jaxb/txw2/4.0.5/txw2-4.0.5.jar:/home/francisco/.m2/repository/com/sun/istack/istack-commons-runtime/4.1.2/istack-commons-runtime-4.1.2.jar:/home/francisco/.m2/repository/jakarta/inject/jakarta.inject-api/2.0.1/jakarta.inject-api-2.0.1.jar:/home/francisco/.m2/repository/org/antlr/antlr4-runtime/4.13.0/antlr4-runtime-4.13.0.jar:/home/francisco/.m2/repository/org/springframework/data/spring-data-jpa/3.4.4/spring-data-jpa-3.4.4.jar:/home/francisco/.m2/repository/org/springframework/data/spring-data-commons/3.4.4/spring-data-commons-3.4.4.jar:/home/francisco/.m2/repository/org/springframework/spring-orm/6.2.5/spring-orm-6.2.5.jar:/home/francisco/.m2/repository/org/springframework/spring-aop/6.2.5/spring-aop-6.2.5.jar:/home/francisco/.m2/repository/org/springframework/spring-tx/6.2.5/spring-tx-6.2.5.jar:/home/francisco/.m2/repository/org/springframework/spring-aspects/6.2.5/spring-aspects-6.2.5.jar:/home/francisco/.m2/repository/org/aspectj/aspectjweaver/1.9.23/aspectjweaver-1.9.23.jar:/home/francisco/.m2/repository/org/springframework/boot/spring-boot-starter-web/3.4.4/spring-boot-starter-web-3.4.4.jar:/home/francisco/.m2/repository/org/springframework/boot/spring-boot-starter-json/3.4.4/spring-boot-starter-json-3.4.4.jar:/home/francisco/.m2/repository/com/fasterxml/jackson/core/jackson-databind/2.18.3/jackson-databind-2.18.3.jar:/home/francisco/.m2/repository/com/fasterxml/jackson/core/jackson-annotations/2.18.3/jackson-annotations-2.18.3.jar:/home/francisco/.m2/repository/com/fasterxml/jackson/core/jackson-core/2.18.3/jackson-core-2.18.3.jar:/home/francisco/.m2/repository/com/fasterxml/jackson/datatype/jackson-datatype-jdk8/2.18.3/jackson-datatype-jdk8-2.18.3.jar:/home/francisco/.m2/repository/com/fasterxml/jackson/datatype/jackson-datatype-jsr310/2.18.3/jackson-datatype-jsr310-2.18.3.jar:/home/francisco/.m2/repository/com/fasterxml/jackson/module/jackson-module-parameter-names/2.18.3/jackson-module-parameter-names-2.18.3.jar:/home/francisco/.m2/repository/org/springframework/boot/spring-boot-starter-tomcat/3.4.4/spring-boot-starter-tomcat-3.4.4.jar:/home/francisco/.m2/repository/org/apache/tomcat/embed/tomcat-embed-core/10.1.39/tomcat-embed-core-10.1.39.jar:/home/francisco/.m2/repository/org/apache/tomcat/embed/tomcat-embed-el/10.1.39/tomcat-embed-el-10.1.39.jar:/home/francisco/.m2/repository/org/apache/tomcat/embed/tomcat-embed-websocket/10.1.39/tomcat-embed-websocket-10.1.39.jar:/home/francisco/.m2/repository/org/springframework/spring-web/6.2.5/spring-web-6.2.5.jar:/home/francisco/.m2/repository/io/micrometer/micrometer-observation/1.14.5/micrometer-observation-1.14.5.jar:/home/francisco/.m2/repository/io/micrometer/micrometer-commons/1.14.5/micrometer-commons-1.14.5.jar:/home/francisco/.m2/repository/org/springframework/spring-webmvc/6.2.5/spring-webmvc-6.2.5.jar:/home/francisco/.m2/repository/org/springframework/spring-expression/6.2.5/spring-expression-6.2.5.jar:/home/francisco/.m2/repository/org/springframework/boot/spring-boot-devtools/3.4.4/spring-boot-devtools-3.4.4.jar:/home/francisco/.m2/repository/org/springframework/boot/spring-boot/3.4.4/spring-boot-3.4.4.jar:/home/francisco/.m2/repository/org/springframework/boot/spring-boot-autoconfigure/3.4.4/spring-boot-autoconfigure-3.4.4.jar:/home/francisco/.m2/repository/com/h2database/h2/2.3.232/h2-2.3.232.jar:/home/francisco/.m2/repository/org/projectlombok/lombok/1.18.36/lombok-1.18.36.jar:/home/francisco/.m2/repository/org/springframework/boot/spring-boot-starter-test/3.4.4/spring-boot-starter-test-3.4.4.jar:/home/francisco/.m2/repository/org/springframework/boot/spring-boot-test/3.4.4/spring-boot-test-3.4.4.jar:/home/francisco/.m2/repository/org/springframework/boot/spring-boot-test-autoconfigure/3.4.4/spring-boot-test-autoconfigure-3.4.4.jar:/home/francisco/.m2/repository/com/jayway/jsonpath/json-path/2.9.0/json-path-2.9.0.jar:/home/francisco/.m2/repository/jakarta/xml/bind/jakarta.xml.bind-api/4.0.2/jakarta.xml.bind-api-4.0.2.jar:/home/francisco/.m2/repository/jakarta/activation/jakarta.activation-api/2.1.3/jakarta.activation-api-2.1.3.jar:/home/francisco/.m2/repository/net/minidev/json-smart/2.5.2/json-smart-2.5.2.jar:/home/francisco/.m2/repository/net/minidev/accessors-smart/2.5.2/accessors-smart-2.5.2.jar:/home/francisco/.m2/repository/org/ow2/asm/asm/9.7.1/asm-9.7.1.jar:/home/francisco/.m2/repository/org/awaitility/awaitility/4.2.2/awaitility-4.2.2.jar:/home/francisco/.m2/repository/org/hamcrest/hamcrest/2.2/hamcrest-2.2.jar:/home/francisco/.m2/repository/org/junit/jupiter/junit-jupiter/5.11.4/junit-jupiter-5.11.4.jar:/home/francisco/.m2/repository/org/junit/jupiter/junit-jupiter-api/5.11.4/junit-jupiter-api-5.11.4.jar:/home/francisco/.m2/repository/org/junit/jupiter/junit-jupiter-params/5.11.4/junit-jupiter-params-5.11.4.jar:/home/francisco/.m2/repository/org/junit/jupiter/junit-jupiter-engine/5.11.4/junit-jupiter-engine-5.11.4.jar:/home/francisco/.m2/repository/org/mockito/mockito-core/5.14.2/mockito-core-5.14.2.jar:/home/francisco/.m2/repository/net/bytebuddy/byte-buddy-agent/1.15.11/byte-buddy-agent-1.15.11.jar:/home/francisco/.m2/repository/org/objenesis/objenesis/3.3/objenesis-3.3.jar:/home/francisco/.m2/repository/org/mockito/mockito-junit-jupiter/5.14.2/mockito-junit-jupiter-5.14.2.jar:/home/francisco/.m2/repository/org/skyscreamer/jsonassert/1.5.3/jsonassert-1.5.3.jar:/home/francisco/.m2/repository/com/vaadin/external/google/android-json/0.0.20131108.vaadin1/android-json-0.0.20131108.vaadin1.jar:/home/francisco/.m2/repository/org/springframework/spring-core/6.2.5/spring-core-6.2.5.jar:/home/francisco/.m2/repository/org/springframework/spring-jcl/6.2.5/spring-jcl-6.2.5.jar:/home/francisco/.m2/repository/org/springframework/spring-test/6.2.5/spring-test-6.2.5.jar:/home/francisco/.m2/repository/org/xmlunit/xmlunit-core/2.10.0/xmlunit-core-2.10.0.jar:/home/francisco/.m2/repository/org/springdoc/springdoc-openapi-starter-webmvc-ui/2.8.6/springdoc-openapi-starter-webmvc-ui-2.8.6.jar:/home/francisco/.m2/repository/org/springdoc/springdoc-openapi-starter-webmvc-api/2.8.6/springdoc-openapi-starter-webmvc-api-2.8.6.jar:/home/francisco/.m2/repository/org/springdoc/springdoc-openapi-starter-common/2.8.6/springdoc-openapi-starter-common-2.8.6.jar:/home/francisco/.m2/repository/io/swagger/core/v3/swagger-core-jakarta/2.2.29/swagger-core-jakarta-2.2.29.jar:/home/francisco/.m2/repository/io/swagger/core/v3/swagger-annotations-jakarta/2.2.29/swagger-annotations-jakarta-2.2.29.jar:/home/francisco/.m2/repository/io/swagger/core/v3/swagger-models-jakarta/2.2.29/swagger-models-jakarta-2.2.29.jar:/home/francisco/.m2/repository/jakarta/validation/jakarta.validation-api/3.0.2/jakarta.validation-api-3.0.2.jar:/home/francisco/.m2/repository/com/fasterxml/jackson/dataformat/jackson-dataformat-yaml/2.18.3/jackson-dataformat-yaml-2.18.3.jar:/home/francisco/.m2/repository/org/webjars/swagger-ui/5.20.1/swagger-ui-5.20.1.jar:/home/francisco/.m2/repository/org/webjars/webjars-locator-lite/1.0.1/webjars-locator-lite-1.0.1.jar:/home/francisco/.m2/repository/org/jspecify/jspecify/1.0.0/jspecify-1.0.0.jar:/home/francisco/.m2/repository/mysql/mysql-connector-java/8.0.26/mysql-connector-java-8.0.26.jar:/home/francisco/.m2/repository/com/google/protobuf/protobuf-java/3.11.4/protobuf-java-3.11.4.jar:/home/francisco/.m2/repository/org/seleniumhq/selenium/selenium-java/4.20.0/selenium-java-4.20.0.jar:/home/francisco/.m2/repository/org/seleniumhq/selenium/selenium-api/4.25.0/selenium-api-4.25.0.jar:/home/francisco/.m2/repository/org/seleniumhq/selenium/selenium-chrome-driver/4.25.0/selenium-chrome-driver-4.25.0.jar:/home/francisco/.m2/repository/com/google/auto/service/auto-service-annotations/1.1.1/auto-service-annotations-1.1.1.jar:/home/francisco/.m2/repository/org/seleniumhq/selenium/selenium-chromium-driver/4.25.0/selenium-chromium-driver-4.25.0.jar:/home/francisco/.m2/repository/org/seleniumhq/selenium/selenium-json/4.25.0/selenium-json-4.25.0.jar:/home/francisco/.m2/repository/org/seleniumhq/selenium/selenium-manager/4.25.0/selenium-manager-4.25.0.jar:/home/francisco/.m2/repository/org/seleniumhq/selenium/selenium-devtools-v122/4.20.0/selenium-devtools-v122-4.20.0.jar:/home/francisco/.m2/repository/org/seleniumhq/selenium/selenium-devtools-v123/4.20.0/selenium-devtools-v123-4.20.0.jar:/home/francisco/.m2/repository/org/seleniumhq/selenium/selenium-devtools-v124/4.20.0/selenium-devtools-v124-4.20.0.jar:/home/francisco/.m2/repository/org/seleniumhq/selenium/selenium-devtools-v85/4.25.0/selenium-devtools-v85-4.25.0.jar:/home/francisco/.m2/repository/org/seleniumhq/selenium/selenium-edge-driver/4.25.0/selenium-edge-driver-4.25.0.jar:/home/francisco/.m2/repository/org/seleniumhq/selenium/selenium-firefox-driver/4.25.0/selenium-firefox-driver-4.25.0.jar:/home/francisco/.m2/repository/org/seleniumhq/selenium/selenium-http/4.25.0/selenium-http-4.25.0.jar:/home/francisco/.m2/repository/dev/failsafe/failsafe/3.3.2/failsafe-3.3.2.jar:/home/francisco/.m2/repository/org/seleniumhq/selenium/selenium-ie-driver/4.25.0/selenium-ie-driver-4.25.0.jar:/home/francisco/.m2/repository/org/seleniumhq/selenium/selenium-remote-driver/4.25.0/selenium-remote-driver-4.25.0.jar:/home/francisco/.m2/repository/com/google/guava/guava/33.3.0-jre/guava-33.3.0-jre.jar:/home/francisco/.m2/repository/com/google/guava/failureaccess/1.0.2/failureaccess-1.0.2.jar:/home/francisco/.m2/repository/com/google/guava/listenablefuture/9999.0-empty-to-avoid-conflict-with-guava/listenablefuture-9999.0-empty-to-avoid-conflict-with-guava.jar:/home/francisco/.m2/repository/com/google/code/findbugs/jsr305/3.0.2/jsr305-3.0.2.jar:/home/francisco/.m2/repository/com/google/j2objc/j2objc-annotations/3.0.0/j2objc-annotations-3.0.0.jar:/home/francisco/.m2/repository/io/opentelemetry/semconv/opentelemetry-semconv/1.25.0-alpha/opentelemetry-semconv-1.25.0-alpha.jar:/home/francisco/.m2/repository/io/opentelemetry/opentelemetry-api/1.43.0/opentelemetry-api-1.43.0.jar:/home/francisco/.m2/repository/io/opentelemetry/opentelemetry-context/1.43.0/opentelemetry-context-1.43.0.jar:/home/francisco/.m2/repository/io/opentelemetry/opentelemetry-exporter-logging/1.43.0/opentelemetry-exporter-logging-1.43.0.jar:/home/francisco/.m2/repository/io/opentelemetry/opentelemetry-sdk-common/1.43.0/opentelemetry-sdk-common-1.43.0.jar:/home/francisco/.m2/repository/io/opentelemetry/opentelemetry-sdk-extension-autoconfigure-spi/1.43.0/opentelemetry-sdk-extension-autoconfigure-spi-1.43.0.jar:/home/francisco/.m2/repository/io/opentelemetry/opentelemetry-sdk-extension-autoconfigure/1.43.0/opentelemetry-sdk-extension-autoconfigure-1.43.0.jar:/home/francisco/.m2/repository/io/opentelemetry/opentelemetry-api-incubator/1.43.0-alpha/opentelemetry-api-incubator-1.43.0-alpha.jar:/home/francisco/.m2/repository/io/opentelemetry/opentelemetry-sdk-trace/1.43.0/opentelemetry-sdk-trace-1.43.0.jar:/home/francisco/.m2/repository/io/opentelemetry/opentelemetry-sdk/1.43.0/opentelemetry-sdk-1.43.0.jar:/home/francisco/.m2/repository/io/opentelemetry/opentelemetry-sdk-metrics/1.43.0/opentelemetry-sdk-metrics-1.43.0.jar:/home/francisco/.m2/repository/io/opentelemetry/opentelemetry-sdk-logs/1.43.0/opentelemetry-sdk-logs-1.43.0.jar:/home/francisco/.m2/repository/org/seleniumhq/selenium/selenium-os/4.25.0/selenium-os-4.25.0.jar:/home/francisco/.m2/repository/org/apache/commons/commons-exec/1.4.0/commons-exec-1.4.0.jar:/home/francisco/.m2/repository/org/seleniumhq/selenium/selenium-safari-driver/4.25.0/selenium-safari-driver-4.25.0.jar:/home/francisco/.m2/repository/org/seleniumhq/selenium/selenium-support/4.25.0/selenium-support-4.25.0.jar:/home/francisco/.m2/repository/org/sonarsource/scanner/maven/sonar-maven-plugin/3.9.0.2155/sonar-maven-plugin-3.9.0.2155.jar:/home/francisco/.m2/repository/org/sonatype/plexus/plexus-sec-dispatcher/1.4/plexus-sec-dispatcher-1.4.jar:/home/francisco/.m2/repository/org/sonatype/plexus/plexus-cipher/1.4/plexus-cipher-1.4.jar:/home/francisco/.m2/repository/org/codehaus/plexus/plexus-utils/3.2.1/plexus-utils-3.2.1.jar:/home/francisco/.m2/repository/org/sonarsource/scanner/api/sonar-scanner-api/2.16.1.361/sonar-scanner-api-2.16.1.361.jar:/home/francisco/.m2/repository/commons-lang/commons-lang/2.6/commons-lang-2.6.jar:/home/francisco/.m2/repository/io/cucumber/cucumber-java/7.14.0/cucumber-java-7.14.0.jar:/home/francisco/.m2/repository/io/cucumber/cucumber-core/7.14.0/cucumber-core-7.14.0.jar:/home/francisco/.m2/repository/io/cucumber/cucumber-gherkin/7.14.0/cucumber-gherkin-7.14.0.jar:/home/francisco/.m2/repository/io/cucumber/cucumber-gherkin-messages/7.14.0/cucumber-gherkin-messages-7.14.0.jar:/home/francisco/.m2/repository/io/cucumber/gherkin/26.2.0/gherkin-26.2.0.jar:/home/francisco/.m2/repository/io/cucumber/messages/22.0.0/messages-22.0.0.jar:/home/francisco/.m2/repository/io/cucumber/tag-expressions/5.0.6/tag-expressions-5.0.6.jar:/home/francisco/.m2/repository/io/cucumber/cucumber-expressions/16.1.2/cucumber-expressions-16.1.2.jar:/home/francisco/.m2/repository/io/cucumber/datatable/7.14.0/datatable-7.14.0.jar:/home/francisco/.m2/repository/io/cucumber/cucumber-plugin/7.14.0/cucumber-plugin-7.14.0.jar:/home/francisco/.m2/repository/io/cucumber/docstring/7.14.0/docstring-7.14.0.jar:/home/francisco/.m2/repository/io/cucumber/html-formatter/20.4.0/html-formatter-20.4.0.jar:/home/francisco/.m2/repository/io/cucumber/junit-xml-formatter/0.2.0/junit-xml-formatter-0.2.0.jar:/home/francisco/.m2/repository/io/cucumber/ci-environment/9.2.0/ci-environment-9.2.0.jar:/home/francisco/.m2/repository/org/apiguardian/apiguardian-api/1.1.2/apiguardian-api-1.1.2.jar:/home/francisco/.m2/repository/io/cucumber/cucumber-junit/7.14.0/cucumber-junit-7.14.0.jar:/home/francisco/.m2/repository/junit/junit/4.13.2/junit-4.13.2.jar:/home/francisco/.m2/repository/org/hamcrest/hamcrest-core/2.2/hamcrest-core-2.2.jar:/home/francisco/.m2/repository/org/junit/platform/junit-platform-suite/1.11.4/junit-platform-suite-1.11.4.jar:/home/francisco/.m2/repository/org/junit/platform/junit-platform-suite-api/1.11.4/junit-platform-suite-api-1.11.4.jar:/home/francisco/.m2/repository/org/junit/platform/junit-platform-commons/1.11.4/junit-platform-commons-1.11.4.jar:/home/francisco/.m2/repository/org/junit/platform/junit-platform-suite-engine/1.11.4/junit-platform-suite-engine-1.11.4.jar:/home/francisco/.m2/repository/org/junit/platform/junit-platform-suite-commons/1.11.4/junit-platform-suite-commons-1.11.4.jar:/home/francisco/.m2/repository/org/junit/platform/junit-platform-launcher/1.11.4/junit-platform-launcher-1.11.4.jar:/home/francisco/.m2/repository/io/cucumber/cucumber-junit-platform-engine/7.14.0/cucumber-junit-platform-engine-7.14.0.jar:/home/francisco/.m2/repository/org/junit/platform/junit-platform-engine/1.11.4/junit-platform-engine-1.11.4.jar:/home/francisco/.m2/repository/org/opentest4j/opentest4j/1.3.0/opentest4j-1.3.0.jar:/home/francisco/.m2/repository/io/github/bonigarcia/webdrivermanager/5.8.0/webdrivermanager-5.8.0.jar:/home/francisco/.m2/repository/org/slf4j/slf4j-api/2.0.17/slf4j-api-2.0.17.jar:/home/francisco/.m2/repository/com/google/code/gson/gson/2.11.0/gson-2.11.0.jar:/home/francisco/.m2/repository/com/google/errorprone/error_prone_annotations/2.27.0/error_prone_annotations-2.27.0.jar:/home/francisco/.m2/repository/com/github/docker-java/docker-java/3.3.6/docker-java-3.3.6.jar:/home/francisco/.m2/repository/com/github/docker-java/docker-java-core/3.3.6/docker-java-core-3.3.6.jar:/home/francisco/.m2/repository/com/github/docker-java/docker-java-api/3.3.6/docker-java-api-3.3.6.jar:/home/francisco/.m2/repository/org/bouncycastle/bcpkix-jdk18on/1.76/bcpkix-jdk18on-1.76.jar:/home/francisco/.m2/repository/org/bouncycastle/bcprov-jdk18on/1.76/bcprov-jdk18on-1.76.jar:/home/francisco/.m2/repository/org/bouncycastle/bcutil-jdk18on/1.76/bcutil-jdk18on-1.76.jar:/home/francisco/.m2/repository/org/slf4j/jcl-over-slf4j/2.0.17/jcl-over-slf4j-2.0.17.jar:/home/francisco/.m2/repository/com/github/docker-java/docker-java-transport-httpclient5/3.3.6/docker-java-transport-httpclient5-3.3.6.jar:/home/francisco/.m2/repository/com/github/docker-java/docker-java-transport/3.3.6/docker-java-transport-3.3.6.jar:/home/francisco/.m2/repository/net/java/dev/jna/jna/5.13.0/jna-5.13.0.jar:/home/francisco/.m2/repository/org/brotli/dec/0.1.2/dec-0.1.2.jar:/home/francisco/.m2/repository/org/apache/commons/commons-lang3/3.17.0/commons-lang3-3.17.0.jar:/home/francisco/.m2/repository/org/apache/commons/commons-compress/1.26.1/commons-compress-1.26.1.jar:/home/francisco/.m2/repository/commons-codec/commons-codec/1.17.2/commons-codec-1.17.2.jar:/home/francisco/.m2/repository/commons-io/commons-io/2.15.1/commons-io-2.15.1.jar:/home/francisco/.m2/repository/org/apache/httpcomponents/client5/httpclient5/5.4.2/httpclient5-5.4.2.jar:/home/francisco/.m2/repository/org/apache/httpcomponents/core5/httpcore5/5.3.3/httpcore5-5.3.3.jar:/home/francisco/.m2/repository/org/apache/httpcomponents/core5/httpcore5-h2/5.3.3/httpcore5-h2-5.3.3.jar:/home/francisco/.m2/repository/org/assertj/assertj-core/3.25.1/assertj-core-3.25.1.jar:/home/francisco/.m2/repository/net/bytebuddy/byte-buddy/1.15.11/byte-buddy-1.15.11.jar:/home/francisco/.m2/repository/org/postgresql/postgresql/42.7.5/postgresql-42.7.5.jar:/home/francisco/.m2/repository/org/checkerframework/checker-qual/3.48.3/checker-qual-3.48.3.jar:"/>
    <property name="java.vm.vendor" value="Ubuntu"/>
    <property name="sun.arch.data.model" value="64"/>
    <property name="java.vendor.url" value="https://ubuntu.com/"/>
    <property name="user.timezone" value="Europe/Lisbon"/>
    <property name="org.jboss.logging.provider" value="slf4j"/>
    <property name="user.country.format" value="PT"/>
    <property name="os.name" value="Linux"/>
    <property name="java.vm.specification.version" value="21"/>
    <property name="sun.java.launcher" value="SUN_STANDARD"/>
    <property name="user.country" value="US"/>
    <property name="sun.boot.library.path" value="/usr/lib/jvm/java-21-openjdk-amd64/lib"/>
    <property name="sun.java.command" value="/home/francisco/Documents/TQS/Homework/TQS_113763/HW1-113763/api/demo/target/surefire/surefirebooter512422672220911260.jar /home/francisco/Documents/TQS/Homework/TQS_113763/HW1-113763/api/demo/target/surefire 2025-04-09T17-21-42_062-jvmRun1 surefire6159924726047342365tmp surefire_01334725219822765870tmp"/>
    <property name="jdk.debug" value="release"/>
    <property name="surefire.test.class.path" value="/home/francisco/Documents/TQS/Homework/TQS_113763/HW1-113763/api/demo/target/test-classes:/home/francisco/Documents/TQS/Homework/TQS_113763/HW1-113763/api/demo/target/classes:/home/francisco/.m2/repository/org/springframework/boot/spring-boot-starter-cache/3.4.4/spring-boot-starter-cache-3.4.4.jar:/home/francisco/.m2/repository/org/springframework/boot/spring-boot-starter/3.4.4/spring-boot-starter-3.4.4.jar:/home/francisco/.m2/repository/org/springframework/boot/spring-boot-starter-logging/3.4.4/spring-boot-starter-logging-3.4.4.jar:/home/francisco/.m2/repository/ch/qos/logback/logback-classic/1.5.18/logback-classic-1.5.18.jar:/home/francisco/.m2/repository/ch/qos/logback/logback-core/1.5.18/logback-core-1.5.18.jar:/home/francisco/.m2/repository/org/apache/logging/log4j/log4j-to-slf4j/2.24.3/log4j-to-slf4j-2.24.3.jar:/home/francisco/.m2/repository/org/apache/logging/log4j/log4j-api/2.24.3/log4j-api-2.24.3.jar:/home/francisco/.m2/repository/org/slf4j/jul-to-slf4j/2.0.17/jul-to-slf4j-2.0.17.jar:/home/francisco/.m2/repository/jakarta/annotation/jakarta.annotation-api/2.1.1/jakarta.annotation-api-2.1.1.jar:/home/francisco/.m2/repository/org/yaml/snakeyaml/2.3/snakeyaml-2.3.jar:/home/francisco/.m2/repository/org/springframework/spring-context-support/6.2.5/spring-context-support-6.2.5.jar:/home/francisco/.m2/repository/org/springframework/spring-beans/6.2.5/spring-beans-6.2.5.jar:/home/francisco/.m2/repository/org/springframework/spring-context/6.2.5/spring-context-6.2.5.jar:/home/francisco/.m2/repository/org/springframework/boot/spring-boot-starter-data-jpa/3.4.4/spring-boot-starter-data-jpa-3.4.4.jar:/home/francisco/.m2/repository/org/springframework/boot/spring-boot-starter-jdbc/3.4.4/spring-boot-starter-jdbc-3.4.4.jar:/home/francisco/.m2/repository/com/zaxxer/HikariCP/5.1.0/HikariCP-5.1.0.jar:/home/francisco/.m2/repository/org/springframework/spring-jdbc/6.2.5/spring-jdbc-6.2.5.jar:/home/francisco/.m2/repository/org/hibernate/orm/hibernate-core/6.6.11.Final/hibernate-core-6.6.11.Final.jar:/home/francisco/.m2/repository/jakarta/persistence/jakarta.persistence-api/3.1.0/jakarta.persistence-api-3.1.0.jar:/home/francisco/.m2/repository/jakarta/transaction/jakarta.transaction-api/2.0.1/jakarta.transaction-api-2.0.1.jar:/home/francisco/.m2/repository/org/jboss/logging/jboss-logging/3.6.1.Final/jboss-logging-3.6.1.Final.jar:/home/francisco/.m2/repository/org/hibernate/common/hibernate-commons-annotations/7.0.3.Final/hibernate-commons-annotations-7.0.3.Final.jar:/home/francisco/.m2/repository/io/smallrye/jandex/3.2.0/jandex-3.2.0.jar:/home/francisco/.m2/repository/com/fasterxml/classmate/1.7.0/classmate-1.7.0.jar:/home/francisco/.m2/repository/org/glassfish/jaxb/jaxb-runtime/4.0.5/jaxb-runtime-4.0.5.jar:/home/francisco/.m2/repository/org/glassfish/jaxb/jaxb-core/4.0.5/jaxb-core-4.0.5.jar:/home/francisco/.m2/repository/org/eclipse/angus/angus-activation/2.0.2/angus-activation-2.0.2.jar:/home/francisco/.m2/repository/org/glassfish/jaxb/txw2/4.0.5/txw2-4.0.5.jar:/home/francisco/.m2/repository/com/sun/istack/istack-commons-runtime/4.1.2/istack-commons-runtime-4.1.2.jar:/home/francisco/.m2/repository/jakarta/inject/jakarta.inject-api/2.0.1/jakarta.inject-api-2.0.1.jar:/home/francisco/.m2/repository/org/antlr/antlr4-runtime/4.13.0/antlr4-runtime-4.13.0.jar:/home/francisco/.m2/repository/org/springframework/data/spring-data-jpa/3.4.4/spring-data-jpa-3.4.4.jar:/home/francisco/.m2/repository/org/springframework/data/spring-data-commons/3.4.4/spring-data-commons-3.4.4.jar:/home/francisco/.m2/repository/org/springframework/spring-orm/6.2.5/spring-orm-6.2.5.jar:/home/francisco/.m2/repository/org/springframework/spring-aop/6.2.5/spring-aop-6.2.5.jar:/home/francisco/.m2/repository/org/springframework/spring-tx/6.2.5/spring-tx-6.2.5.jar:/home/francisco/.m2/repository/org/springframework/spring-aspects/6.2.5/spring-aspects-6.2.5.jar:/home/francisco/.m2/repository/org/aspectj/aspectjweaver/1.9.23/aspectjweaver-1.9.23.jar:/home/francisco/.m2/repository/org/springframework/boot/spring-boot-starter-web/3.4.4/spring-boot-starter-web-3.4.4.jar:/home/francisco/.m2/repository/org/springframework/boot/spring-boot-starter-json/3.4.4/spring-boot-starter-json-3.4.4.jar:/home/francisco/.m2/repository/com/fasterxml/jackson/core/jackson-databind/2.18.3/jackson-databind-2.18.3.jar:/home/francisco/.m2/repository/com/fasterxml/jackson/core/jackson-annotations/2.18.3/jackson-annotations-2.18.3.jar:/home/francisco/.m2/repository/com/fasterxml/jackson/core/jackson-core/2.18.3/jackson-core-2.18.3.jar:/home/francisco/.m2/repository/com/fasterxml/jackson/datatype/jackson-datatype-jdk8/2.18.3/jackson-datatype-jdk8-2.18.3.jar:/home/francisco/.m2/repository/com/fasterxml/jackson/datatype/jackson-datatype-jsr310/2.18.3/jackson-datatype-jsr310-2.18.3.jar:/home/francisco/.m2/repository/com/fasterxml/jackson/module/jackson-module-parameter-names/2.18.3/jackson-module-parameter-names-2.18.3.jar:/home/francisco/.m2/repository/org/springframework/boot/spring-boot-starter-tomcat/3.4.4/spring-boot-starter-tomcat-3.4.4.jar:/home/francisco/.m2/repository/org/apache/tomcat/embed/tomcat-embed-core/10.1.39/tomcat-embed-core-10.1.39.jar:/home/francisco/.m2/repository/org/apache/tomcat/embed/tomcat-embed-el/10.1.39/tomcat-embed-el-10.1.39.jar:/home/francisco/.m2/repository/org/apache/tomcat/embed/tomcat-embed-websocket/10.1.39/tomcat-embed-websocket-10.1.39.jar:/home/francisco/.m2/repository/org/springframework/spring-web/6.2.5/spring-web-6.2.5.jar:/home/francisco/.m2/repository/io/micrometer/micrometer-observation/1.14.5/micrometer-observation-1.14.5.jar:/home/francisco/.m2/repository/io/micrometer/micrometer-commons/1.14.5/micrometer-commons-1.14.5.jar:/home/francisco/.m2/repository/org/springframework/spring-webmvc/6.2.5/spring-webmvc-6.2.5.jar:/home/francisco/.m2/repository/org/springframework/spring-expression/6.2.5/spring-expression-6.2.5.jar:/home/francisco/.m2/repository/org/springframework/boot/spring-boot-devtools/3.4.4/spring-boot-devtools-3.4.4.jar:/home/francisco/.m2/repository/org/springframework/boot/spring-boot/3.4.4/spring-boot-3.4.4.jar:/home/francisco/.m2/repository/org/springframework/boot/spring-boot-autoconfigure/3.4.4/spring-boot-autoconfigure-3.4.4.jar:/home/francisco/.m2/repository/com/h2database/h2/2.3.232/h2-2.3.232.jar:/home/francisco/.m2/repository/org/projectlombok/lombok/1.18.36/lombok-1.18.36.jar:/home/francisco/.m2/repository/org/springframework/boot/spring-boot-starter-test/3.4.4/spring-boot-starter-test-3.4.4.jar:/home/francisco/.m2/repository/org/springframework/boot/spring-boot-test/3.4.4/spring-boot-test-3.4.4.jar:/home/francisco/.m2/repository/org/springframework/boot/spring-boot-test-autoconfigure/3.4.4/spring-boot-test-autoconfigure-3.4.4.jar:/home/francisco/.m2/repository/com/jayway/jsonpath/json-path/2.9.0/json-path-2.9.0.jar:/home/francisco/.m2/repository/jakarta/xml/bind/jakarta.xml.bind-api/4.0.2/jakarta.xml.bind-api-4.0.2.jar:/home/francisco/.m2/repository/jakarta/activation/jakarta.activation-api/2.1.3/jakarta.activation-api-2.1.3.jar:/home/francisco/.m2/repository/net/minidev/json-smart/2.5.2/json-smart-2.5.2.jar:/home/francisco/.m2/repository/net/minidev/accessors-smart/2.5.2/accessors-smart-2.5.2.jar:/home/francisco/.m2/repository/org/ow2/asm/asm/9.7.1/asm-9.7.1.jar:/home/francisco/.m2/repository/org/awaitility/awaitility/4.2.2/awaitility-4.2.2.jar:/home/francisco/.m2/repository/org/hamcrest/hamcrest/2.2/hamcrest-2.2.jar:/home/francisco/.m2/repository/org/junit/jupiter/junit-jupiter/5.11.4/junit-jupiter-5.11.4.jar:/home/francisco/.m2/repository/org/junit/jupiter/junit-jupiter-api/5.11.4/junit-jupiter-api-5.11.4.jar:/home/francisco/.m2/repository/org/junit/jupiter/junit-jupiter-params/5.11.4/junit-jupiter-params-5.11.4.jar:/home/francisco/.m2/repository/org/junit/jupiter/junit-jupiter-engine/5.11.4/junit-jupiter-engine-5.11.4.jar:/home/francisco/.m2/repository/org/mockito/mockito-core/5.14.2/mockito-core-5.14.2.jar:/home/francisco/.m2/repository/net/bytebuddy/byte-buddy-agent/1.15.11/byte-buddy-agent-1.15.11.jar:/home/francisco/.m2/repository/org/objenesis/objenesis/3.3/objenesis-3.3.jar:/home/francisco/.m2/repository/org/mockito/mockito-junit-jupiter/5.14.2/mockito-junit-jupiter-5.14.2.jar:/home/francisco/.m2/repository/org/skyscreamer/jsonassert/1.5.3/jsonassert-1.5.3.jar:/home/francisco/.m2/repository/com/vaadin/external/google/android-json/0.0.20131108.vaadin1/android-json-0.0.20131108.vaadin1.jar:/home/francisco/.m2/repository/org/springframework/spring-core/6.2.5/spring-core-6.2.5.jar:/home/francisco/.m2/repository/org/springframework/spring-jcl/6.2.5/spring-jcl-6.2.5.jar:/home/francisco/.m2/repository/org/springframework/spring-test/6.2.5/spring-test-6.2.5.jar:/home/francisco/.m2/repository/org/xmlunit/xmlunit-core/2.10.0/xmlunit-core-2.10.0.jar:/home/francisco/.m2/repository/org/springdoc/springdoc-openapi-starter-webmvc-ui/2.8.6/springdoc-openapi-starter-webmvc-ui-2.8.6.jar:/home/francisco/.m2/repository/org/springdoc/springdoc-openapi-starter-webmvc-api/2.8.6/springdoc-openapi-starter-webmvc-api-2.8.6.jar:/home/francisco/.m2/repository/org/springdoc/springdoc-openapi-starter-common/2.8.6/springdoc-openapi-starter-common-2.8.6.jar:/home/francisco/.m2/repository/io/swagger/core/v3/swagger-core-jakarta/2.2.29/swagger-core-jakarta-2.2.29.jar:/home/francisco/.m2/repository/io/swagger/core/v3/swagger-annotations-jakarta/2.2.29/swagger-annotations-jakarta-2.2.29.jar:/home/francisco/.m2/repository/io/swagger/core/v3/swagger-models-jakarta/2.2.29/swagger-models-jakarta-2.2.29.jar:/home/francisco/.m2/repository/jakarta/validation/jakarta.validation-api/3.0.2/jakarta.validation-api-3.0.2.jar:/home/francisco/.m2/repository/com/fasterxml/jackson/dataformat/jackson-dataformat-yaml/2.18.3/jackson-dataformat-yaml-2.18.3.jar:/home/francisco/.m2/repository/org/webjars/swagger-ui/5.20.1/swagger-ui-5.20.1.jar:/home/francisco/.m2/repository/org/webjars/webjars-locator-lite/1.0.1/webjars-locator-lite-1.0.1.jar:/home/francisco/.m2/repository/org/jspecify/jspecify/1.0.0/jspecify-1.0.0.jar:/home/francisco/.m2/repository/mysql/mysql-connector-java/8.0.26/mysql-connector-java-8.0.26.jar:/home/francisco/.m2/repository/com/google/protobuf/protobuf-java/3.11.4/protobuf-java-3.11.4.jar:/home/francisco/.m2/repository/org/seleniumhq/selenium/selenium-java/4.20.0/selenium-java-4.20.0.jar:/home/francisco/.m2/repository/org/seleniumhq/selenium/selenium-api/4.25.0/selenium-api-4.25.0.jar:/home/francisco/.m2/repository/org/seleniumhq/selenium/selenium-chrome-driver/4.25.0/selenium-chrome-driver-4.25.0.jar:/home/francisco/.m2/repository/com/google/auto/service/auto-service-annotations/1.1.1/auto-service-annotations-1.1.1.jar:/home/francisco/.m2/repository/org/seleniumhq/selenium/selenium-chromium-driver/4.25.0/selenium-chromium-driver-4.25.0.jar:/home/francisco/.m2/repository/org/seleniumhq/selenium/selenium-json/4.25.0/selenium-json-4.25.0.jar:/home/francisco/.m2/repository/org/seleniumhq/selenium/selenium-manager/4.25.0/selenium-manager-4.25.0.jar:/home/francisco/.m2/repository/org/seleniumhq/selenium/selenium-devtools-v122/4.20.0/selenium-devtools-v122-4.20.0.jar:/home/francisco/.m2/repository/org/seleniumhq/selenium/selenium-devtools-v123/4.20.0/selenium-devtools-v123-4.20.0.jar:/home/francisco/.m2/repository/org/seleniumhq/selenium/selenium-devtools-v124/4.20.0/selenium-devtools-v124-4.20.0.jar:/home/francisco/.m2/repository/org/seleniumhq/selenium/selenium-devtools-v85/4.25.0/selenium-devtools-v85-4.25.0.jar:/home/francisco/.m2/repository/org/seleniumhq/selenium/selenium-edge-driver/4.25.0/selenium-edge-driver-4.25.0.jar:/home/francisco/.m2/repository/org/seleniumhq/selenium/selenium-firefox-driver/4.25.0/selenium-firefox-driver-4.25.0.jar:/home/francisco/.m2/repository/org/seleniumhq/selenium/selenium-http/4.25.0/selenium-http-4.25.0.jar:/home/francisco/.m2/repository/dev/failsafe/failsafe/3.3.2/failsafe-3.3.2.jar:/home/francisco/.m2/repository/org/seleniumhq/selenium/selenium-ie-driver/4.25.0/selenium-ie-driver-4.25.0.jar:/home/francisco/.m2/repository/org/seleniumhq/selenium/selenium-remote-driver/4.25.0/selenium-remote-driver-4.25.0.jar:/home/francisco/.m2/repository/com/google/guava/guava/33.3.0-jre/guava-33.3.0-jre.jar:/home/francisco/.m2/repository/com/google/guava/failureaccess/1.0.2/failureaccess-1.0.2.jar:/home/francisco/.m2/repository/com/google/guava/listenablefuture/9999.0-empty-to-avoid-conflict-with-guava/listenablefuture-9999.0-empty-to-avoid-conflict-with-guava.jar:/home/francisco/.m2/repository/com/google/code/findbugs/jsr305/3.0.2/jsr305-3.0.2.jar:/home/francisco/.m2/repository/com/google/j2objc/j2objc-annotations/3.0.0/j2objc-annotations-3.0.0.jar:/home/francisco/.m2/repository/io/opentelemetry/semconv/opentelemetry-semconv/1.25.0-alpha/opentelemetry-semconv-1.25.0-alpha.jar:/home/francisco/.m2/repository/io/opentelemetry/opentelemetry-api/1.43.0/opentelemetry-api-1.43.0.jar:/home/francisco/.m2/repository/io/opentelemetry/opentelemetry-context/1.43.0/opentelemetry-context-1.43.0.jar:/home/francisco/.m2/repository/io/opentelemetry/opentelemetry-exporter-logging/1.43.0/opentelemetry-exporter-logging-1.43.0.jar:/home/francisco/.m2/repository/io/opentelemetry/opentelemetry-sdk-common/1.43.0/opentelemetry-sdk-common-1.43.0.jar:/home/francisco/.m2/repository/io/opentelemetry/opentelemetry-sdk-extension-autoconfigure-spi/1.43.0/opentelemetry-sdk-extension-autoconfigure-spi-1.43.0.jar:/home/francisco/.m2/repository/io/opentelemetry/opentelemetry-sdk-extension-autoconfigure/1.43.0/opentelemetry-sdk-extension-autoconfigure-1.43.0.jar:/home/francisco/.m2/repository/io/opentelemetry/opentelemetry-api-incubator/1.43.0-alpha/opentelemetry-api-incubator-1.43.0-alpha.jar:/home/francisco/.m2/repository/io/opentelemetry/opentelemetry-sdk-trace/1.43.0/opentelemetry-sdk-trace-1.43.0.jar:/home/francisco/.m2/repository/io/opentelemetry/opentelemetry-sdk/1.43.0/opentelemetry-sdk-1.43.0.jar:/home/francisco/.m2/repository/io/opentelemetry/opentelemetry-sdk-metrics/1.43.0/opentelemetry-sdk-metrics-1.43.0.jar:/home/francisco/.m2/repository/io/opentelemetry/opentelemetry-sdk-logs/1.43.0/opentelemetry-sdk-logs-1.43.0.jar:/home/francisco/.m2/repository/org/seleniumhq/selenium/selenium-os/4.25.0/selenium-os-4.25.0.jar:/home/francisco/.m2/repository/org/apache/commons/commons-exec/1.4.0/commons-exec-1.4.0.jar:/home/francisco/.m2/repository/org/seleniumhq/selenium/selenium-safari-driver/4.25.0/selenium-safari-driver-4.25.0.jar:/home/francisco/.m2/repository/org/seleniumhq/selenium/selenium-support/4.25.0/selenium-support-4.25.0.jar:/home/francisco/.m2/repository/org/sonarsource/scanner/maven/sonar-maven-plugin/3.9.0.2155/sonar-maven-plugin-3.9.0.2155.jar:/home/francisco/.m2/repository/org/sonatype/plexus/plexus-sec-dispatcher/1.4/plexus-sec-dispatcher-1.4.jar:/home/francisco/.m2/repository/org/sonatype/plexus/plexus-cipher/1.4/plexus-cipher-1.4.jar:/home/francisco/.m2/repository/org/codehaus/plexus/plexus-utils/3.2.1/plexus-utils-3.2.1.jar:/home/francisco/.m2/repository/org/sonarsource/scanner/api/sonar-scanner-api/2.16.1.361/sonar-scanner-api-2.16.1.361.jar:/home/francisco/.m2/repository/commons-lang/commons-lang/2.6/commons-lang-2.6.jar:/home/francisco/.m2/repository/io/cucumber/cucumber-java/7.14.0/cucumber-java-7.14.0.jar:/home/francisco/.m2/repository/io/cucumber/cucumber-core/7.14.0/cucumber-core-7.14.0.jar:/home/francisco/.m2/repository/io/cucumber/cucumber-gherkin/7.14.0/cucumber-gherkin-7.14.0.jar:/home/francisco/.m2/repository/io/cucumber/cucumber-gherkin-messages/7.14.0/cucumber-gherkin-messages-7.14.0.jar:/home/francisco/.m2/repository/io/cucumber/gherkin/26.2.0/gherkin-26.2.0.jar:/home/francisco/.m2/repository/io/cucumber/messages/22.0.0/messages-22.0.0.jar:/home/francisco/.m2/repository/io/cucumber/tag-expressions/5.0.6/tag-expressions-5.0.6.jar:/home/francisco/.m2/repository/io/cucumber/cucumber-expressions/16.1.2/cucumber-expressions-16.1.2.jar:/home/francisco/.m2/repository/io/cucumber/datatable/7.14.0/datatable-7.14.0.jar:/home/francisco/.m2/repository/io/cucumber/cucumber-plugin/7.14.0/cucumber-plugin-7.14.0.jar:/home/francisco/.m2/repository/io/cucumber/docstring/7.14.0/docstring-7.14.0.jar:/home/francisco/.m2/repository/io/cucumber/html-formatter/20.4.0/html-formatter-20.4.0.jar:/home/francisco/.m2/repository/io/cucumber/junit-xml-formatter/0.2.0/junit-xml-formatter-0.2.0.jar:/home/francisco/.m2/repository/io/cucumber/ci-environment/9.2.0/ci-environment-9.2.0.jar:/home/francisco/.m2/repository/org/apiguardian/apiguardian-api/1.1.2/apiguardian-api-1.1.2.jar:/home/francisco/.m2/repository/io/cucumber/cucumber-junit/7.14.0/cucumber-junit-7.14.0.jar:/home/francisco/.m2/repository/junit/junit/4.13.2/junit-4.13.2.jar:/home/francisco/.m2/repository/org/hamcrest/hamcrest-core/2.2/hamcrest-core-2.2.jar:/home/francisco/.m2/repository/org/junit/platform/junit-platform-suite/1.11.4/junit-platform-suite-1.11.4.jar:/home/francisco/.m2/repository/org/junit/platform/junit-platform-suite-api/1.11.4/junit-platform-suite-api-1.11.4.jar:/home/francisco/.m2/repository/org/junit/platform/junit-platform-commons/1.11.4/junit-platform-commons-1.11.4.jar:/home/francisco/.m2/repository/org/junit/platform/junit-platform-suite-engine/1.11.4/junit-platform-suite-engine-1.11.4.jar:/home/francisco/.m2/repository/org/junit/platform/junit-platform-suite-commons/1.11.4/junit-platform-suite-commons-1.11.4.jar:/home/francisco/.m2/repository/org/junit/platform/junit-platform-launcher/1.11.4/junit-platform-launcher-1.11.4.jar:/home/francisco/.m2/repository/io/cucumber/cucumber-junit-platform-engine/7.14.0/cucumber-junit-platform-engine-7.14.0.jar:/home/francisco/.m2/repository/org/junit/platform/junit-platform-engine/1.11.4/junit-platform-engine-1.11.4.jar:/home/francisco/.m2/repository/org/opentest4j/opentest4j/1.3.0/opentest4j-1.3.0.jar:/home/francisco/.m2/repository/io/github/bonigarcia/webdrivermanager/5.8.0/webdrivermanager-5.8.0.jar:/home/francisco/.m2/repository/org/slf4j/slf4j-api/2.0.17/slf4j-api-2.0.17.jar:/home/francisco/.m2/repository/com/google/code/gson/gson/2.11.0/gson-2.11.0.jar:/home/francisco/.m2/repository/com/google/errorprone/error_prone_annotations/2.27.0/error_prone_annotations-2.27.0.jar:/home/francisco/.m2/repository/com/github/docker-java/docker-java/3.3.6/docker-java-3.3.6.jar:/home/francisco/.m2/repository/com/github/docker-java/docker-java-core/3.3.6/docker-java-core-3.3.6.jar:/home/francisco/.m2/repository/com/github/docker-java/docker-java-api/3.3.6/docker-java-api-3.3.6.jar:/home/francisco/.m2/repository/org/bouncycastle/bcpkix-jdk18on/1.76/bcpkix-jdk18on-1.76.jar:/home/francisco/.m2/repository/org/bouncycastle/bcprov-jdk18on/1.76/bcprov-jdk18on-1.76.jar:/home/francisco/.m2/repository/org/bouncycastle/bcutil-jdk18on/1.76/bcutil-jdk18on-1.76.jar:/home/francisco/.m2/repository/org/slf4j/jcl-over-slf4j/2.0.17/jcl-over-slf4j-2.0.17.jar:/home/francisco/.m2/repository/com/github/docker-java/docker-java-transport-httpclient5/3.3.6/docker-java-transport-httpclient5-3.3.6.jar:/home/francisco/.m2/repository/com/github/docker-java/docker-java-transport/3.3.6/docker-java-transport-3.3.6.jar:/home/francisco/.m2/repository/net/java/dev/jna/jna/5.13.0/jna-5.13.0.jar:/home/francisco/.m2/repository/org/brotli/dec/0.1.2/dec-0.1.2.jar:/home/francisco/.m2/repository/org/apache/commons/commons-lang3/3.17.0/commons-lang3-3.17.0.jar:/home/francisco/.m2/repository/org/apache/commons/commons-compress/1.26.1/commons-compress-1.26.1.jar:/home/francisco/.m2/repository/commons-codec/commons-codec/1.17.2/commons-codec-1.17.2.jar:/home/francisco/.m2/repository/commons-io/commons-io/2.15.1/commons-io-2.15.1.jar:/home/francisco/.m2/repository/org/apache/httpcomponents/client5/httpclient5/5.4.2/httpclient5-5.4.2.jar:/home/francisco/.m2/repository/org/apache/httpcomponents/core5/httpcore5/5.3.3/httpcore5-5.3.3.jar:/home/francisco/.m2/repository/org/apache/httpcomponents/core5/httpcore5-h2/5.3.3/httpcore5-h2-5.3.3.jar:/home/francisco/.m2/repository/org/assertj/assertj-core/3.25.1/assertj-core-3.25.1.jar:/home/francisco/.m2/repository/net/bytebuddy/byte-buddy/1.15.11/byte-buddy-1.15.11.jar:/home/francisco/.m2/repository/org/postgresql/postgresql/42.7.5/postgresql-42.7.5.jar:/home/francisco/.m2/repository/org/checkerframework/checker-qual/3.48.3/checker-qual-3.48.3.jar:"/>
    <property name="sun.cpu.endian" value="little"/>
    <property name="user.home" value="/home/francisco"/>
    <property name="user.language" value="en"/>
    <property name="java.specification.vendor" value="Oracle Corporation"/>
    <property name="java.version.date" value="2025-01-21"/>
    <property name="java.home" value="/usr/lib/jvm/java-21-openjdk-amd64"/>
    <property name="file.separator" value="/"/>
    <property name="basedir" value="/home/francisco/Documents/TQS/Homework/TQS_113763/HW1-113763/api/demo"/>
    <property name="java.vm.compressedOopsMode" value="Zero based"/>
    <property name="line.separator" value="&#10;"/>
    <property name="java.vm.specification.vendor" value="Oracle Corporation"/>
    <property name="java.specification.name" value="Java Platform API Specification"/>
    <property name="FILE_LOG_CHARSET" value="UTF-8"/>
    <property name="java.awt.headless" value="true"/>
    <property name="surefire.real.class.path" value="/home/francisco/Documents/TQS/Homework/TQS_113763/HW1-113763/api/demo/target/surefire/surefirebooter512422672220911260.jar"/>
    <property name="sun.management.compiler" value="HotSpot 64-Bit Tiered Compilers"/>
    <property name="java.runtime.version" value="21.0.6+7-Ubuntu-122.04.1"/>
    <property name="user.name" value="francisco"/>
    <property name="stdout.encoding" value="UTF-8"/>
    <property name="path.separator" value=":"/>
    <property name="os.version" value="6.8.0-57-generic"/>
    <property name="java.runtime.name" value="OpenJDK Runtime Environment"/>
    <property name="file.encoding" value="UTF-8"/>
    <property name="java.vm.name" value="OpenJDK 64-Bit Server VM"/>
    <property name="localRepository" value="/home/francisco/.m2/repository"/>
    <property name="java.vendor.url.bug" value="https://bugs.launchpad.net/ubuntu/+source/openjdk-21"/>
    <property name="java.io.tmpdir" value="/tmp"/>
    <property name="java.version" value="21.0.6"/>
    <property name="user.dir" value="/home/francisco/Documents/TQS/Homework/TQS_113763/HW1-113763/api/demo"/>
    <property name="os.arch" value="amd64"/>
    <property name="java.vm.specification.name" value="Java Virtual Machine Specification"/>
    <property name="PID" value="139857"/>
    <property name="user.language.format" value="pt"/>
    <property name="CONSOLE_LOG_CHARSET" value="UTF-8"/>
    <property name="native.encoding" value="UTF-8"/>
    <property name="java.library.path" value="/usr/java/packages/lib:/usr/lib/x86_64-linux-gnu/jni:/lib/x86_64-linux-gnu:/usr/lib/x86_64-linux-gnu:/usr/lib/jni:/lib:/usr/lib"/>
    <property name="java.vm.info" value="mixed mode, sharing"/>
    <property name="stderr.encoding" value="UTF-8"/>
    <property name="java.vendor" value="Ubuntu"/>
    <property name="java.vm.version" value="21.0.6+7-Ubuntu-122.04.1"/>
    <property name="sun.io.unicode.encoding" value="UnicodeLittle"/>
    <property name="java.class.version" value="65.0"/>
  </properties>
  <testcase name="createReservation_WithNoMealsAvailable_ShouldThrowException" classname="com.example.demo.services.ReservationServiceTest" time="0.375">
    <system-out><![CDATA[2025-04-09T17:21:52.995+01:00  INFO 139857 --- [           main] c.e.demo.services.ReservationService     : Creating reservation with code: WXYWEDCO
2025-04-09T17:21:52.995+01:00  WARN 139857 --- [           main] c.e.demo.services.ReservationService     : No more meals available for meal with ID: 1
]]></system-out>
  </testcase>
  <testcase name="cancelReservation_WithRegisteredReservation_ShouldCancelAndIncreaseMealCount" classname="com.example.demo.services.ReservationServiceTest" time="0.007">
    <system-out><![CDATA[2025-04-09T17:21:53.002+01:00  INFO 139857 --- [           main] c.e.demo.services.ReservationService     : Cancelling reservation with code: ABCD1234
2025-04-09T17:21:53.002+01:00  INFO 139857 --- [           main] c.e.demo.services.ReservationService     : Fetching reservation with code: ABCD1234
2025-04-09T17:21:53.003+01:00  INFO 139857 --- [           main] c.e.demo.services.ReservationService     : Increased available meals for meal ID 1: now 6
2025-04-09T17:21:53.004+01:00  INFO 139857 --- [           main] c.e.demo.services.ReservationService     : Reservation with code ABCD1234 status changed to CANCELED
]]></system-out>
  </testcase>
  <testcase name="getReservationByCode_WithNonExistingCode_ShouldThrowException" classname="com.example.demo.services.ReservationServiceTest" time="0.004">
    <system-out><![CDATA[2025-04-09T17:21:53.009+01:00  INFO 139857 --- [           main] c.e.demo.services.ReservationService     : Fetching reservation with code: NONEXIST
2025-04-09T17:21:53.010+01:00  WARN 139857 --- [           main] c.e.demo.services.ReservationService     : Reservation with code NONEXIST not found
]]></system-out>
  </testcase>
  <testcase name="cancelReservation_WithAlreadyCanceledReservation_ShouldNotIncreaseMealCount" classname="com.example.demo.services.ReservationServiceTest" time="0.004">
    <system-out><![CDATA[2025-04-09T17:21:53.013+01:00  INFO 139857 --- [           main] c.e.demo.services.ReservationService     : Cancelling reservation with code: ABCD1234
2025-04-09T17:21:53.014+01:00  INFO 139857 --- [           main] c.e.demo.services.ReservationService     : Fetching reservation with code: ABCD1234
2025-04-09T17:21:53.014+01:00  INFO 139857 --- [           main] c.e.demo.services.ReservationService     : Reservation with code ABCD1234 is already canceled
]]></system-out>
  </testcase>
  <testcase name="getReservationsByRestaurant_ShouldReturnRestaurantReservations" classname="com.example.demo.services.ReservationServiceTest" time="0.004">
    <system-out><![CDATA[2025-04-09T17:21:53.018+01:00  INFO 139857 --- [           main] c.e.demo.services.ReservationService     : Fetching reservations for restaurant with ID: 1
]]></system-out>
  </testcase>
  <testcase name="updateReservation_WithMealChange_ShouldUpdateMealCounts" classname="com.example.demo.services.ReservationServiceTest" time="0.006">
    <system-out><![CDATA[2025-04-09T17:21:53.023+01:00  INFO 139857 --- [           main] c.e.demo.services.ReservationService     : Updating reservation with code: ABCD1234
2025-04-09T17:21:53.023+01:00  INFO 139857 --- [           main] c.e.demo.services.ReservationService     : Fetching reservation with code: ABCD1234
2025-04-09T17:21:53.023+01:00  INFO 139857 --- [           main] c.e.demo.services.ReservationService     : Increased available meals for old meal ID 1: now 6
2025-04-09T17:21:53.024+01:00  INFO 139857 --- [           main] c.e.demo.services.ReservationService     : Decreased available meals for new meal ID 2: now 9
]]></system-out>
  </testcase>
  <testcase name="checkInReservation_WithRegisteredReservation_ShouldVerifyAndReturnTrue" classname="com.example.demo.services.ReservationServiceTest" time="0.006">
    <system-out><![CDATA[2025-04-09T17:21:53.029+01:00  INFO 139857 --- [           main] c.e.demo.services.ReservationService     : Checking in reservation with code: ABCD1234
2025-04-09T17:21:53.029+01:00  INFO 139857 --- [           main] c.e.demo.services.ReservationService     : Fetching reservation with code: ABCD1234
2025-04-09T17:21:53.029+01:00  INFO 139857 --- [           main] c.e.demo.services.ReservationService     : Reservation with code ABCD1234 status changed to VERIFIED
]]></system-out>
  </testcase>
  <testcase name="checkInReservation_WithCanceledReservation_ShouldReturnFalse" classname="com.example.demo.services.ReservationServiceTest" time="0.004">
    <system-out><![CDATA[2025-04-09T17:21:53.035+01:00  INFO 139857 --- [           main] c.e.demo.services.ReservationService     : Checking in reservation with code: ABCD1234
2025-04-09T17:21:53.035+01:00  INFO 139857 --- [           main] c.e.demo.services.ReservationService     : Fetching reservation with code: ABCD1234
2025-04-09T17:21:53.035+01:00  WARN 139857 --- [           main] c.e.demo.services.ReservationService     : Cannot check in canceled reservation with code ABCD1234
]]></system-out>
  </testcase>
  <testcase name="checkInReservation_WithAlreadyVerifiedReservation_ShouldReturnFalse" classname="com.example.demo.services.ReservationServiceTest" time="0.002">
    <system-out><![CDATA[2025-04-09T17:21:53.038+01:00  INFO 139857 --- [           main] c.e.demo.services.ReservationService     : Checking in reservation with code: ABCD1234
2025-04-09T17:21:53.038+01:00  INFO 139857 --- [           main] c.e.demo.services.ReservationService     : Fetching reservation with code: ABCD1234
2025-04-09T17:21:53.039+01:00  WARN 139857 --- [           main] c.e.demo.services.ReservationService     : Reservation with code ABCD1234 is already checked in
]]></system-out>
  </testcase>
  <testcase name="updateReservation_WithCanceledReservation_ShouldThrowException" classname="com.example.demo.services.ReservationServiceTest" time="0.003">
    <system-out><![CDATA[2025-04-09T17:21:53.042+01:00  INFO 139857 --- [           main] c.e.demo.services.ReservationService     : Updating reservation with code: ABCD1234
2025-04-09T17:21:53.042+01:00  INFO 139857 --- [           main] c.e.demo.services.ReservationService     : Fetching reservation with code: ABCD1234
2025-04-09T17:21:53.042+01:00  WARN 139857 --- [           main] c.e.demo.services.ReservationService     : Cannot update canceled reservation with code ABCD1234
]]></system-out>
  </testcase>
  <testcase name="getAllReservations_ShouldReturnAllReservations" classname="com.example.demo.services.ReservationServiceTest" time="0.003">
    <system-out><![CDATA[2025-04-09T17:21:53.046+01:00  INFO 139857 --- [           main] c.e.demo.services.ReservationService     : Fetching all reservations.
]]></system-out>
  </testcase>
  <testcase name="createReservation_WithInvalidMeal_ShouldThrowException" classname="com.example.demo.services.ReservationServiceTest" time="0.003">
    <system-out><![CDATA[2025-04-09T17:21:53.049+01:00  INFO 139857 --- [           main] c.e.demo.services.ReservationService     : Creating reservation with code: JECY54SH
2025-04-09T17:21:53.049+01:00 ERROR 139857 --- [           main] c.e.demo.services.ReservationService     : Reservation must have a valid meal
]]></system-out>
  </testcase>
  <testcase name="createReservation_WithValidData_ShouldCreateReservation" classname="com.example.demo.services.ReservationServiceTest" time="0.003">
    <system-out><![CDATA[2025-04-09T17:21:53.054+01:00  INFO 139857 --- [           main] c.e.demo.services.ReservationService     : Creating reservation with code: A4FR4USL
2025-04-09T17:21:53.054+01:00  INFO 139857 --- [           main] c.e.demo.services.ReservationService     : Decreased available meals for meal ID 1: now 4
]]></system-out>
  </testcase>
  <testcase name="getReservationByCode_WithExistingCode_ShouldReturnReservation" classname="com.example.demo.services.ReservationServiceTest" time="0.004">
    <system-out><![CDATA[2025-04-09T17:21:53.059+01:00  INFO 139857 --- [           main] c.e.demo.services.ReservationService     : Fetching reservation with code: ABCD1234
]]></system-out>
  </testcase>
</testsuite>