<?xml version="1.0" encoding="UTF-8"?>
<testsuite xmlns:xsi="http://www.w3.org/2001/XMLSchema-instance" xsi:noNamespaceSchemaLocation="https://maven.apache.org/surefire/maven-surefire-plugin/xsd/surefire-test-report-3.0.xsd" version="3.0" name="tqs.bookstore.RunCukesTest" time="0.298" tests="1" errors="0" skipped="0" failures="1">
  <properties>
    <property name="java.specification.version" value="21"/>
    <property name="sun.jnu.encoding" value="UTF-8"/>
    <property name="java.class.path" value="/home/francisco/Documents/TQS/Homework/TQS_113763/lab5/lab5_2/demo/target/test-classes:/home/francisco/Documents/TQS/Homework/TQS_113763/lab5/lab5_2/demo/target/classes:/home/francisco/.m2/repository/org/slf4j/slf4j-api/2.0.12/slf4j-api-2.0.12.jar:/home/francisco/.m2/repository/ch/qos/logback/logback-classic/1.5.3/logback-classic-1.5.3.jar:/home/francisco/.m2/repository/ch/qos/logback/logback-core/1.5.3/logback-core-1.5.3.jar:/home/francisco/.m2/repository/org/junit/jupiter/junit-jupiter/5.10.2/junit-jupiter-5.10.2.jar:/home/francisco/.m2/repository/org/junit/jupiter/junit-jupiter-api/5.10.2/junit-jupiter-api-5.10.2.jar:/home/francisco/.m2/repository/org/opentest4j/opentest4j/1.3.0/opentest4j-1.3.0.jar:/home/francisco/.m2/repository/org/junit/platform/junit-platform-commons/1.10.2/junit-platform-commons-1.10.2.jar:/home/francisco/.m2/repository/org/junit/jupiter/junit-jupiter-params/5.10.2/junit-jupiter-params-5.10.2.jar:/home/francisco/.m2/repository/org/junit/jupiter/junit-jupiter-engine/5.10.2/junit-jupiter-engine-5.10.2.jar:/home/francisco/.m2/repository/org/junit/platform/junit-platform-suite/1.10.1/junit-platform-suite-1.10.1.jar:/home/francisco/.m2/repository/org/junit/platform/junit-platform-suite-api/1.10.1/junit-platform-suite-api-1.10.1.jar:/home/francisco/.m2/repository/org/junit/platform/junit-platform-suite-engine/1.10.1/junit-platform-suite-engine-1.10.1.jar:/home/francisco/.m2/repository/org/junit/platform/junit-platform-suite-commons/1.10.1/junit-platform-suite-commons-1.10.1.jar:/home/francisco/.m2/repository/org/junit/platform/junit-platform-launcher/1.10.1/junit-platform-launcher-1.10.1.jar:/home/francisco/.m2/repository/io/cucumber/cucumber-java/7.15.0/cucumber-java-7.15.0.jar:/home/francisco/.m2/repository/io/cucumber/cucumber-core/7.15.0/cucumber-core-7.15.0.jar:/home/francisco/.m2/repository/io/cucumber/cucumber-gherkin/7.15.0/cucumber-gherkin-7.15.0.jar:/home/francisco/.m2/repository/io/cucumber/cucumber-gherkin-messages/7.15.0/cucumber-gherkin-messages-7.15.0.jar:/home/francisco/.m2/repository/io/cucumber/gherkin/26.2.0/gherkin-26.2.0.jar:/home/francisco/.m2/repository/io/cucumber/messages/22.0.0/messages-22.0.0.jar:/home/francisco/.m2/repository/io/cucumber/tag-expressions/6.0.0/tag-expressions-6.0.0.jar:/home/francisco/.m2/repository/io/cucumber/cucumber-expressions/17.0.1/cucumber-expressions-17.0.1.jar:/home/francisco/.m2/repository/io/cucumber/datatable/7.15.0/datatable-7.15.0.jar:/home/francisco/.m2/repository/io/cucumber/cucumber-plugin/7.15.0/cucumber-plugin-7.15.0.jar:/home/francisco/.m2/repository/io/cucumber/docstring/7.15.0/docstring-7.15.0.jar:/home/francisco/.m2/repository/io/cucumber/html-formatter/20.4.0/html-formatter-20.4.0.jar:/home/francisco/.m2/repository/io/cucumber/junit-xml-formatter/0.2.0/junit-xml-formatter-0.2.0.jar:/home/francisco/.m2/repository/io/cucumber/ci-environment/10.0.0/ci-environment-10.0.0.jar:/home/francisco/.m2/repository/org/apiguardian/apiguardian-api/1.1.2/apiguardian-api-1.1.2.jar:/home/francisco/.m2/repository/io/cucumber/cucumber-junit-platform-engine/7.15.0/cucumber-junit-platform-engine-7.15.0.jar:/home/francisco/.m2/repository/org/junit/platform/junit-platform-engine/1.10.1/junit-platform-engine-1.10.1.jar:/home/francisco/.m2/repository/org/hamcrest/hamcrest/2.2/hamcrest-2.2.jar:"/>
    <property name="java.vm.vendor" value="Ubuntu"/>
    <property name="sun.arch.data.model" value="64"/>
    <property name="java.vendor.url" value="https://ubuntu.com/"/>
    <property name="user.timezone" value="Europe/Lisbon"/>
    <property name="user.country.format" value="PT"/>
    <property name="os.name" value="Linux"/>
    <property name="java.vm.specification.version" value="21"/>
    <property name="sun.java.launcher" value="SUN_STANDARD"/>
    <property name="user.country" value="US"/>
    <property name="sun.boot.library.path" value="/usr/lib/jvm/java-21-openjdk-amd64/lib"/>
    <property name="sun.java.command" value="/home/francisco/Documents/TQS/Homework/TQS_113763/lab5/lab5_2/demo/target/surefire/surefirebooter-20250404164007335_3.jar /home/francisco/Documents/TQS/Homework/TQS_113763/lab5/lab5_2/demo/target/surefire 2025-04-04T16-40-07_246-jvmRun1 surefire-20250404164007335_1tmp surefire_0-20250404164007335_2tmp"/>
    <property name="jdk.debug" value="release"/>
    <property name="surefire.test.class.path" value="/home/francisco/Documents/TQS/Homework/TQS_113763/lab5/lab5_2/demo/target/test-classes:/home/francisco/Documents/TQS/Homework/TQS_113763/lab5/lab5_2/demo/target/classes:/home/francisco/.m2/repository/org/slf4j/slf4j-api/2.0.12/slf4j-api-2.0.12.jar:/home/francisco/.m2/repository/ch/qos/logback/logback-classic/1.5.3/logback-classic-1.5.3.jar:/home/francisco/.m2/repository/ch/qos/logback/logback-core/1.5.3/logback-core-1.5.3.jar:/home/francisco/.m2/repository/org/junit/jupiter/junit-jupiter/5.10.2/junit-jupiter-5.10.2.jar:/home/francisco/.m2/repository/org/junit/jupiter/junit-jupiter-api/5.10.2/junit-jupiter-api-5.10.2.jar:/home/francisco/.m2/repository/org/opentest4j/opentest4j/1.3.0/opentest4j-1.3.0.jar:/home/francisco/.m2/repository/org/junit/platform/junit-platform-commons/1.10.2/junit-platform-commons-1.10.2.jar:/home/francisco/.m2/repository/org/junit/jupiter/junit-jupiter-params/5.10.2/junit-jupiter-params-5.10.2.jar:/home/francisco/.m2/repository/org/junit/jupiter/junit-jupiter-engine/5.10.2/junit-jupiter-engine-5.10.2.jar:/home/francisco/.m2/repository/org/junit/platform/junit-platform-suite/1.10.1/junit-platform-suite-1.10.1.jar:/home/francisco/.m2/repository/org/junit/platform/junit-platform-suite-api/1.10.1/junit-platform-suite-api-1.10.1.jar:/home/francisco/.m2/repository/org/junit/platform/junit-platform-suite-engine/1.10.1/junit-platform-suite-engine-1.10.1.jar:/home/francisco/.m2/repository/org/junit/platform/junit-platform-suite-commons/1.10.1/junit-platform-suite-commons-1.10.1.jar:/home/francisco/.m2/repository/org/junit/platform/junit-platform-launcher/1.10.1/junit-platform-launcher-1.10.1.jar:/home/francisco/.m2/repository/io/cucumber/cucumber-java/7.15.0/cucumber-java-7.15.0.jar:/home/francisco/.m2/repository/io/cucumber/cucumber-core/7.15.0/cucumber-core-7.15.0.jar:/home/francisco/.m2/repository/io/cucumber/cucumber-gherkin/7.15.0/cucumber-gherkin-7.15.0.jar:/home/francisco/.m2/repository/io/cucumber/cucumber-gherkin-messages/7.15.0/cucumber-gherkin-messages-7.15.0.jar:/home/francisco/.m2/repository/io/cucumber/gherkin/26.2.0/gherkin-26.2.0.jar:/home/francisco/.m2/repository/io/cucumber/messages/22.0.0/messages-22.0.0.jar:/home/francisco/.m2/repository/io/cucumber/tag-expressions/6.0.0/tag-expressions-6.0.0.jar:/home/francisco/.m2/repository/io/cucumber/cucumber-expressions/17.0.1/cucumber-expressions-17.0.1.jar:/home/francisco/.m2/repository/io/cucumber/datatable/7.15.0/datatable-7.15.0.jar:/home/francisco/.m2/repository/io/cucumber/cucumber-plugin/7.15.0/cucumber-plugin-7.15.0.jar:/home/francisco/.m2/repository/io/cucumber/docstring/7.15.0/docstring-7.15.0.jar:/home/francisco/.m2/repository/io/cucumber/html-formatter/20.4.0/html-formatter-20.4.0.jar:/home/francisco/.m2/repository/io/cucumber/junit-xml-formatter/0.2.0/junit-xml-formatter-0.2.0.jar:/home/francisco/.m2/repository/io/cucumber/ci-environment/10.0.0/ci-environment-10.0.0.jar:/home/francisco/.m2/repository/org/apiguardian/apiguardian-api/1.1.2/apiguardian-api-1.1.2.jar:/home/francisco/.m2/repository/io/cucumber/cucumber-junit-platform-engine/7.15.0/cucumber-junit-platform-engine-7.15.0.jar:/home/francisco/.m2/repository/org/junit/platform/junit-platform-engine/1.10.1/junit-platform-engine-1.10.1.jar:/home/francisco/.m2/repository/org/hamcrest/hamcrest/2.2/hamcrest-2.2.jar:"/>
    <property name="sun.cpu.endian" value="little"/>
    <property name="user.home" value="/home/francisco"/>
    <property name="user.language" value="en"/>
    <property name="java.specification.vendor" value="Oracle Corporation"/>
    <property name="java.version.date" value="2025-01-21"/>
    <property name="java.home" value="/usr/lib/jvm/java-21-openjdk-amd64"/>
    <property name="file.separator" value="/"/>
    <property name="basedir" value="/home/francisco/Documents/TQS/Homework/TQS_113763/lab5/lab5_2/demo"/>
    <property name="java.vm.compressedOopsMode" value="Zero based"/>
    <property name="line.separator" value="&#10;"/>
    <property name="java.vm.specification.vendor" value="Oracle Corporation"/>
    <property name="java.specification.name" value="Java Platform API Specification"/>
    <property name="surefire.real.class.path" value="/home/francisco/Documents/TQS/Homework/TQS_113763/lab5/lab5_2/demo/target/surefire/surefirebooter-20250404164007335_3.jar"/>
    <property name="sun.management.compiler" value="HotSpot 64-Bit Tiered Compilers"/>
    <property name="java.runtime.version" value="21.0.6+7-Ubuntu-122.04.1"/>
    <property name="user.name" value="francisco"/>
    <property name="stdout.encoding" value="UTF-8"/>
    <property name="path.separator" value=":"/>
    <property name="os.version" value="6.8.0-52-generic"/>
    <property name="java.runtime.name" value="OpenJDK Runtime Environment"/>
    <property name="file.encoding" value="UTF-8"/>
    <property name="java.vm.name" value="OpenJDK 64-Bit Server VM"/>
    <property name="localRepository" value="/home/francisco/.m2/repository"/>
    <property name="java.vendor.url.bug" value="https://bugs.launchpad.net/ubuntu/+source/openjdk-21"/>
    <property name="java.io.tmpdir" value="/tmp"/>
    <property name="java.version" value="21.0.6"/>
    <property name="user.dir" value="/home/francisco/Documents/TQS/Homework/TQS_113763/lab5/lab5_2/demo"/>
    <property name="os.arch" value="amd64"/>
    <property name="java.vm.specification.name" value="Java Virtual Machine Specification"/>
    <property name="user.language.format" value="pt"/>
    <property name="native.encoding" value="UTF-8"/>
    <property name="java.library.path" value="/usr/java/packages/lib:/usr/lib/x86_64-linux-gnu/jni:/lib/x86_64-linux-gnu:/usr/lib/x86_64-linux-gnu:/usr/lib/jni:/lib:/usr/lib"/>
    <property name="java.vm.info" value="mixed mode, sharing"/>
    <property name="stderr.encoding" value="UTF-8"/>
    <property name="java.vendor" value="Ubuntu"/>
    <property name="java.vm.version" value="21.0.6+7-Ubuntu-122.04.1"/>
    <property name="sun.io.unicode.encoding" value="UnicodeLittle"/>
    <property name="java.class.version" value="65.0"/>
  </properties>
  <testcase name="Search for books published between two dates" classname="Basic Library Features" time="0.174">
    <failure type="java.lang.AssertionError"><![CDATA[java.lang.AssertionError
	at tqs.bookstore.bookTest.checkResult(bookTest.java:53)
	at ✽.the search result should contain the book "The Hobbit" by "J.R.R. Tolkien"(classpath:tqs/bookstore/library.feature:7)
]]></failure>
    <system-out><![CDATA[
Scenario: Search for books published between two dates                                                &amp#27;[90m# tqs/bookstore/library.feature:3&amp#27;[0m
16:40:08.217 [main] DEBUG tqs.bookstore.bookTest -- Adding book with title The Lord of the Rings, author J.R.R. Tolkien and published in 1954
  &amp#27;[32mGiven &amp#27;[0m&amp#27;[32ma book with the title &amp#27;[0m&amp#27;[32m&amp#27;[1m"The Lord of the Rings"&amp#27;[0m&amp#27;[32m, written by &amp#27;[0m&amp#27;[32m&amp#27;[1m"J.R.R. Tolkien"&amp#27;[0m&amp#27;[32m, published in &amp#27;[0m&amp#27;[32m&amp#27;[1m1954&amp#27;[0m &amp#27;[90m# tqs.bookstore.bookTest.addBook(java.lang.String,java.lang.String,int)&amp#27;[0m
16:40:08.225 [main] DEBUG tqs.bookstore.bookTest -- Adding book with title The Hobbit, author J.R.R. Tolkien and published in 1937
  &amp#27;[32mAnd &amp#27;[0m&amp#27;[32ma book with the title &amp#27;[0m&amp#27;[32m&amp#27;[1m"The Hobbit"&amp#27;[0m&amp#27;[32m, written by &amp#27;[0m&amp#27;[32m&amp#27;[1m"J.R.R. Tolkien"&amp#27;[0m&amp#27;[32m, published in &amp#27;[0m&amp#27;[32m&amp#27;[1m1937&amp#27;[0m              &amp#27;[90m# tqs.bookstore.bookTest.addBook(java.lang.String,java.lang.String,int)&amp#27;[0m
16:40:08.250 [main] INFO tqs.bookstore.bookTest -- Search for books published between 1930-01-01 and 1940-01-01
16:40:08.250 [main] INFO tqs.bookstore.bookTest -- Result: []
  &amp#27;[32mWhen &amp#27;[0m&amp#27;[32msearch for books published between &amp#27;[0m&amp#27;[32m&amp#27;[1m1930&amp#27;[0m&amp#27;[32m and &amp#27;[0m&amp#27;[32m&amp#27;[1m1940&amp#27;[0m                                               &amp#27;[90m# tqs.bookstore.bookTest.setSearchParameters(java.util.Date,java.util.Date)&amp#27;[0m
  &amp#27;[31mThen &amp#27;[0m&amp#27;[31mthe search result should contain the book &amp#27;[0m&amp#27;[31m&amp#27;[1m"The Hobbit"&amp#27;[0m&amp#27;[31m by &amp#27;[0m&amp#27;[31m&amp#27;[1m"J.R.R. Tolkien"&amp#27;[0m                     &amp#27;[90m# tqs.bookstore.bookTest.checkResult(java.lang.String,java.lang.String)&amp#27;[0m
      &amp#27;[31mjava.lang.AssertionError
	at tqs.bookstore.bookTest.checkResult(bookTest.java:53)
	at ✽.the search result should contain the book "The Hobbit" by "J.R.R. Tolkien"(classpath:tqs/bookstore/library.feature:7)
&amp#27;[0m
  &amp#27;[36mAnd &amp#27;[0m&amp#27;[36mthe search result should not contain the book &amp#27;[0m&amp#27;[36m&amp#27;[1m"The Lord of the Rings"&amp#27;[0m&amp#27;[36m by &amp#27;[0m&amp#27;[36m&amp#27;[1m"J.R.R. Tolkien"&amp#27;[0m       &amp#27;[90m# tqs.bookstore.bookTest.checkNegativeResult(java.lang.String,java.lang.String)&amp#27;[0m
]]></system-out>
  </testcase>
</testsuite>